<?xml version="1.0" encoding="UTF-8"?>
<testsuite name="edu.isu.cs2263.hw01.AppTest" tests="1" skipped="0" failures="0" errors="0" timestamp="2022-02-05T22:39:04" hostname="SAVANNAHSLAPTOP" time="0.014">
  <properties/>
  <testcase name="appHasAGreeting()" classname="edu.isu.cs2263.hw01.AppTest" time="0.014"/>
  <system-out><![CDATA[]]></system-out>
  <system-err><![CDATA[]]></system-err>
</testsuite>
